<?xml version="1.0" encoding="UTF-8"?>
<testng-results ignored="0" total="1" passed="1" failed="0" skipped="0">
  <reporter-output>
  </reporter-output>
  <suite started-at="2022-09-08T19:01:37Z" name="Suite" finished-at="2022-09-08T19:04:26Z" duration-ms="169578">
    <groups>
    </groups>
    <test started-at="2022-09-08T19:01:37Z" name="Test" finished-at="2022-09-08T19:04:26Z" duration-ms="169578">
      <class name="com.va.dsm.testcases.DsmE2ETest">
        <test-method is-config="true" signature="beforeTest()[pri:0, instance:com.va.dsm.testcases.DsmE2ETest@3ee37e5a]" started-at="2022-09-08T19:01:37Z" name="beforeTest" finished-at="2022-09-08T19:01:54Z" duration-ms="17019" status="PASS">
          <reporter-output>
          </reporter-output>
        </test-method> <!-- beforeTest -->
        <test-method signature="Test018_DSM_Email_Admin_Manage_Users()[pri:0, instance:com.va.dsm.testcases.DsmE2ETest@3ee37e5a]" started-at="2022-09-08T19:01:54Z" name="Test018_DSM_Email_Admin_Manage_Users" finished-at="2022-09-08T19:04:26Z" duration-ms="152535" status="PASS">
          <reporter-output>
          </reporter-output>
        </test-method> <!-- Test018_DSM_Email_Admin_Manage_Users -->
        <test-method is-config="true" signature="afterTest()[pri:0, instance:com.va.dsm.testcases.DsmE2ETest@3ee37e5a]" started-at="2022-09-08T19:04:26Z" name="afterTest" finished-at="2022-09-08T19:04:26Z" duration-ms="0" status="PASS">
          <reporter-output>
          </reporter-output>
        </test-method> <!-- afterTest -->
      </class> <!-- com.va.dsm.testcases.DsmE2ETest -->
    </test> <!-- Test -->
  </suite> <!-- Suite -->
</testng-results>
